<?xml version="1.0" encoding="UTF-8"?>
<!-- Generated by org.testng.reporters.JUnitReportReporter -->
<testsuite hostname="LAPTOP-BVPCP31P" failures="0" tests="4" name="entrataTests.FirstTest" time="81.070" errors="0" timestamp="2024-09-23T11:48:56 IST" skipped="0">
  <testcase classname="entrataTests.FirstTest" name="title" time="14.028"/>
  <system-out/>
  <testcase classname="entrataTests.FirstTest" name="schedule_demo_test" time="21.580"/>
  <system-out/>
  <testcase classname="entrataTests.FirstTest" name="signin_as_manager_test" time="25.459"/>
  <system-out/>
  <testcase classname="entrataTests.FirstTest" name="products_dropdown_nav_test" time="20.003"/>
  <system-out/>
</testsuite> <!-- entrataTests.FirstTest -->
