<?xml version="1.0" encoding="UTF-8"?>
<!-- Generated by org.testng.reporters.JUnitReportReporter -->
<testsuite hostname="LAPTOP-BVPCP31P" failures="0" tests="2" name="entrataTests.FistTest" time="0.861" errors="0" timestamp="2024-09-22T18:24:34 IST" skipped="0">
  <testcase classname="entrataTests.FistTest" name="title" time="0.043"/>
  <system-out/>
  <testcase classname="entrataTests.FistTest" name="products_drpdwn" time="0.818"/>
  <system-out/>
</testsuite> <!-- entrataTests.FistTest -->
